<?xml version="1.0" encoding="UTF-8"?>
<testsuites name="Amazon_Basic_TS_Searchitem_001" time="28.845" tests="1" failures="0" errors="0">
   <testsuite name="Amazon_Basic_TS_Searchitem_001" tests="1" failures="0" errors="0" time="28.845" skipped="0" timestamp="28-01-2024T20:05:41" hostname="Lenovo - Durgesh" id="Test Suites/Amazon_Test_Suites/Amazon_Basic_TS_Searchitem_001">
      <properties>
         <property name="deviceName" value=""/>
         <property name="devicePlatform" value=""/>
         <property name="logFolder" value="C:\\Users\\Lenovo\\git\\Katalon_Automation_Testing_SB_Amazon\\Reports\\20240128_200536\\Amazon_Test_Suites\\Amazon_Basic_TS_Searchitem_001\\20240128_200536"/>
         <property name="logFiles" value="C:\\Users\\Lenovo\\git\\Katalon_Automation_Testing_SB_Amazon\\Reports\\20240128_200536\\Amazon_Test_Suites\\Amazon_Basic_TS_Searchitem_001\\20240128_200536\\execution0.log"/>
         <property name="attachments" value=""/>
         <property name="hostName" value="Lenovo - Durgesh"/>
         <property name="os" value="Windows 11 64bit"/>
         <property name="katalonVersion" value="9.2.0.212"/>
         <property name="browser" value="Chrome 121.0.0.0"/>
         <property name="hostAddress" value="192.168.1.10"/>
         <property name="sessionId" value="fb7857a6bb8131ba09809bef38b1dda5"/>
         <property name="seleniumVersion" value="3.141.59"/>
         <property name="proxyInformation" value="ProxyInformation { proxyOption=NO_PROXY, proxyServerType=HTTP, username=, password=********, proxyServerAddress=, proxyServerPort=0, executionList=&quot;&quot;, isApplyToDesiredCapabilities=true }"/>
         <property name="platform" value="Windows 11"/>
      </properties>
      <testcase name="Test Cases/Amazon_Test Case/Amazon_TC_SearchItem_001" time="28.584" classname="Test Cases/Amazon_Test Case/Amazon_TC_SearchItem_001" status="PASSED">
         <system-out><![CDATA[28-01-2024T20:05:41 - [TEST_CASE][PASSED] - Test Cases/Amazon_Test Case/Amazon_TC_SearchItem_001: Test Cases/Amazon_Test Case/Amazon_TC_SearchItem_001

28-01-2024T20:05:42 - [TEST_STEP][PASSED] - openBrowser(""): Browser is opened with url: ''

28-01-2024T20:05:42 - [MESSAGE][INFO] - Starting 'Chrome' driver

28-01-2024T20:05:42 - [MESSAGE][INFO] - Action delay is set to 0 milliseconds

28-01-2024T20:05:44 - [MESSAGE][PASSED] - Browser is opened with url: ''

28-01-2024T20:05:44 - [TEST_STEP][PASSED] - navigateToUrl("https://www.amazon.com/"): Navigate to 'https://www.amazon.com/' successfully

28-01-2024T20:05:46 - [MESSAGE][PASSED] - Navigate to 'https://www.amazon.com/' successfully

28-01-2024T20:05:46 - [TEST_STEP][PASSED] - selectOptionByValue(findTestObject("Object Repository/Amazon_Pages_SearchItem_OR/Page_Amazon.com. Spend less. Smile more/select_All Departments        Arts  Crafts _135c92"), "search-alias=stripbooks-intl-ship", true): All options with value 'search-alias=stripbooks-intl-ship' are selected in object 'Object Repository/Amazon_Pages_SearchItem_OR/Page_Amazon.com. Spend less. Smile more/select_All Departments        Arts  Crafts _135c92'  using regular expression

28-01-2024T20:05:48 - [MESSAGE][PASSED] - All options with value 'search-alias=stripbooks-intl-ship' are selected in object 'Object Repository/Amazon_Pages_SearchItem_OR/Page_Amazon.com. Spend less. Smile more/select_All Departments        Arts  Crafts _135c92'  using regular expression

28-01-2024T20:05:48 - [TEST_STEP][PASSED] - setText(findTestObject("Object Repository/Amazon_Pages_SearchItem_OR/Page_Amazon.com. Spend less. Smile more/input_field-keywords"), "Da vinci code"): Text 'Da vinci code' is set on object 'Object Repository/Amazon_Pages_SearchItem_OR/Page_Amazon.com. Spend less. Smile more/input_field-keywords'

28-01-2024T20:05:50 - [MESSAGE][PASSED] - Text 'Da vinci code' is set on object 'Object Repository/Amazon_Pages_SearchItem_OR/Page_Amazon.com. Spend less. Smile more/input_field-keywords'

28-01-2024T20:05:50 - [TEST_STEP][PASSED] - click(findTestObject("Object Repository/Amazon_Pages_SearchItem_OR/Page_Amazon.com. Spend less. Smile more/inputnav-search-submit-button")): Object: 'Object Repository/Amazon_Pages_SearchItem_OR/Page_Amazon.com. Spend less. Smile more/inputnav-search-submit-button' is clicked on

28-01-2024T20:05:53 - [MESSAGE][PASSED] - Object: 'Object Repository/Amazon_Pages_SearchItem_OR/Page_Amazon.com. Spend less. Smile more/inputnav-search-submit-button' is clicked on

28-01-2024T20:05:53 - [TEST_STEP][PASSED] - selectOptionByValue(findTestObject("Object Repository/Amazon_Pages_SearchItem_OR/Page_Amazon.com  Da vinci code/select_All Departments        Arts  Crafts _135c92"), "search-alias=electronics-intl-ship", true): All options with value 'search-alias=electronics-intl-ship' are selected in object 'Object Repository/Amazon_Pages_SearchItem_OR/Page_Amazon.com  Da vinci code/select_All Departments        Arts  Crafts _135c92'  using regular expression

28-01-2024T20:05:56 - [MESSAGE][PASSED] - All options with value 'search-alias=electronics-intl-ship' are selected in object 'Object Repository/Amazon_Pages_SearchItem_OR/Page_Amazon.com  Da vinci code/select_All Departments        Arts  Crafts _135c92'  using regular expression

28-01-2024T20:05:56 - [TEST_STEP][PASSED] - setText(findTestObject("Object Repository/Amazon_Pages_SearchItem_OR/Page_Amazon.com  Da vinci code/input_field-keywords"), "Laptop"): Text 'Laptop' is set on object 'Object Repository/Amazon_Pages_SearchItem_OR/Page_Amazon.com  Da vinci code/input_field-keywords'

28-01-2024T20:05:57 - [MESSAGE][PASSED] - Text 'Laptop' is set on object 'Object Repository/Amazon_Pages_SearchItem_OR/Page_Amazon.com  Da vinci code/input_field-keywords'

28-01-2024T20:05:57 - [TEST_STEP][PASSED] - click(findTestObject("Object Repository/Amazon_Pages_SearchItem_OR/Page_Amazon.com  Da vinci code/inputnav-search-submit-button")): Object: 'Object Repository/Amazon_Pages_SearchItem_OR/Page_Amazon.com  Da vinci code/inputnav-search-submit-button' is clicked on

28-01-2024T20:06:03 - [MESSAGE][PASSED] - Object: 'Object Repository/Amazon_Pages_SearchItem_OR/Page_Amazon.com  Da vinci code/inputnav-search-submit-button' is clicked on

28-01-2024T20:06:03 - [TEST_STEP][PASSED] - selectOptionByValue(findTestObject("Object Repository/Amazon_Pages_SearchItem_OR/Page_Amazon.com  Laptop/select_Electronics        All Departments  _28d51a"), "search-alias=kitchen-intl-ship", true): All options with value 'search-alias=kitchen-intl-ship' are selected in object 'Object Repository/Amazon_Pages_SearchItem_OR/Page_Amazon.com  Laptop/select_Electronics        All Departments  _28d51a'  using regular expression

28-01-2024T20:06:05 - [MESSAGE][PASSED] - All options with value 'search-alias=kitchen-intl-ship' are selected in object 'Object Repository/Amazon_Pages_SearchItem_OR/Page_Amazon.com  Laptop/select_Electronics        All Departments  _28d51a'  using regular expression

28-01-2024T20:06:05 - [TEST_STEP][PASSED] - setText(findTestObject("Object Repository/Amazon_Pages_SearchItem_OR/Page_Amazon.com  Laptop/input_field-keywords"), "washing machine "): Text 'washing machine ' is set on object 'Object Repository/Amazon_Pages_SearchItem_OR/Page_Amazon.com  Laptop/input_field-keywords'

28-01-2024T20:06:07 - [MESSAGE][PASSED] - Text 'washing machine ' is set on object 'Object Repository/Amazon_Pages_SearchItem_OR/Page_Amazon.com  Laptop/input_field-keywords'

28-01-2024T20:06:07 - [TEST_STEP][PASSED] - click(findTestObject("Object Repository/Amazon_Pages_SearchItem_OR/Page_Amazon.com  Laptop/inputnav-search-submit-button")): Object: 'Object Repository/Amazon_Pages_SearchItem_OR/Page_Amazon.com  Laptop/inputnav-search-submit-button' is clicked on

28-01-2024T20:06:10 - [MESSAGE][PASSED] - Object: 'Object Repository/Amazon_Pages_SearchItem_OR/Page_Amazon.com  Laptop/inputnav-search-submit-button' is clicked on

28-01-2024T20:06:10 - [TEST_STEP][PASSED] - closeBrowser(): Browser is closed

28-01-2024T20:06:10 - [MESSAGE][PASSED] - Browser is closed]]></system-out>
         <system-err><![CDATA[]]></system-err>
      </testcase>
      <system-out><![CDATA[28-01-2024T20:05:41 - [TEST_SUITE][PASSED] - Amazon_Basic_TS_Searchitem_001: Test Cases/Amazon_Test Case/Amazon_TC_SearchItem_001]]></system-out>
      <system-err><![CDATA[]]></system-err>
   </testsuite>
</testsuites>
